{"numFailedTestSuites":0,"numFailedTests":0,"numPassedTestSuites":14,"numPassedTests":31,"numPendingTestSuites":0,"numPendingTests":0,"numRuntimeErrorTestSuites":0,"numTodoTests":0,"numTotalTestSuites":14,"numTotalTests":31,"openHandles":[],"snapshot":{"added":0,"didUpdate":false,"failure":false,"filesAdded":0,"filesRemoved":0,"filesRemovedList":[],"filesUnmatched":0,"filesUpdated":0,"matched":7,"total":7,"unchecked":0,"uncheckedKeysByFile":[],"unmatched":0,"updated":0},"startTime":1616098957054,"success":true,"testResults":[{"assertionResults":[{"ancestorTitles":["index","setMiddlewares()"],"failureMessages":[],"fullName":"index setMiddlewares() must have thunk and logger middleware when running on localhost","location":null,"status":"passed","title":"must have thunk and logger middleware when running on localhost"},{"ancestorTitles":["index","setMiddlewares()"],"failureMessages":[],"fullName":"index setMiddlewares() must only have thunk middleware when not running on localhost","location":null,"status":"passed","title":"must only have thunk middleware when not running on localhost"}],"endTime":1616098961945,"message":"","name":"/Users/mts/PapHub/search/packages/core/src/store/__tests__/base.test.js","startTime":1616098958882,"status":"passed","summary":""},{"assertionResults":[{"ancestorTitles":["client","setAppDefaultState()"],"failureMessages":[],"fullName":"client setAppDefaultState() must set app state","location":null,"status":"passed","title":"must set app state"}],"endTime":1616098961983,"message":"","name":"/Users/mts/PapHub/search/packages/core/src/store/__tests__/client.test.js","startTime":1616098958879,"status":"passed","summary":""},{"assertionResults":[{"ancestorTitles":["index","hosts and indicators"],"failureMessages":[],"fullName":"index hosts and indicators must return all hosts and indicators","location":null,"status":"passed","title":"must return all hosts and indicators"},{"ancestorTitles":["index","currentHost"],"failureMessages":[],"fullName":"index currentHost must equal localhost when running on localhost","location":null,"status":"passed","title":"must equal localhost when running on localhost"},{"ancestorTitles":["index","currentHost"],"failureMessages":[],"fullName":"index currentHost must equal elsewhere host when running elsewhere","location":null,"status":"passed","title":"must equal elsewhere host when running elsewhere"},{"ancestorTitles":["index","isRunningOnLocalHost"],"failureMessages":[],"fullName":"index isRunningOnLocalHost must be truthy when running on localhost","location":null,"status":"passed","title":"must be truthy when running on localhost"},{"ancestorTitles":["index","isRunningOnLocalHost"],"failureMessages":[],"fullName":"index isRunningOnLocalHost must be falsy when running elsewhere","location":null,"status":"passed","title":"must be falsy when running elsewhere"}],"endTime":1616098961986,"message":"","name":"/Users/mts/PapHub/search/packages/core/src/library/environment/host/__tests__/index.test.js","startTime":1616098958860,"status":"passed","summary":""},{"assertionResults":[{"ancestorTitles":["actionCreators","context","navigation","contextSetNavigationAction()"],"failureMessages":[],"fullName":"actionCreators context navigation contextSetNavigationAction() must return action with given payload","location":null,"status":"passed","title":"must return action with given payload"},{"ancestorTitles":["actionCreators","context","progress","contextSetProgressAction()"],"failureMessages":[],"fullName":"actionCreators context progress contextSetProgressAction() must return action with given payload","location":null,"status":"passed","title":"must return action with given payload"},{"ancestorTitles":["actionCreators","ui","listCars","uiSelectListCarsAction()"],"failureMessages":[],"fullName":"actionCreators ui listCars uiSelectListCarsAction() must return action with given payload","location":null,"status":"passed","title":"must return action with given payload"},{"ancestorTitles":["actionCreators","ui","listCars","uiSetListCarsSortAction()"],"failureMessages":[],"fullName":"actionCreators ui listCars uiSetListCarsSortAction() must return action with given payload","location":null,"status":"passed","title":"must return action with given payload"},{"ancestorTitles":["actionCreators","ui","listCars","uiSetListCarsSearchAction()"],"failureMessages":[],"fullName":"actionCreators ui listCars uiSetListCarsSearchAction() must return action with given payload","location":null,"status":"passed","title":"must return action with given payload"},{"ancestorTitles":["actionCreators","ui","listCars","uiSetListCarsPaginationAction()"],"failureMessages":[],"fullName":"actionCreators ui listCars uiSetListCarsPaginationAction() must return action with given payload","location":null,"status":"passed","title":"must return action with given payload"}],"endTime":1616098961998,"message":"","name":"/Users/mts/PapHub/search/packages/core/src/store/action/__tests__/actionCreators.test.js","startTime":1616098958942,"status":"passed","summary":""},{"assertionResults":[{"ancestorTitles":["path","appRootPath"],"failureMessages":[],"fullName":"path appRootPath must return path with base url when process.env.BASE_URL is present","location":null,"status":"passed","title":"must return path with base url when process.env.BASE_URL is present"},{"ancestorTitles":["path","appRootPath"],"failureMessages":[],"fullName":"path appRootPath must return path without base url when process.env.BASE_URL is absent","location":null,"status":"passed","title":"must return path without base url when process.env.BASE_URL is absent"},{"ancestorTitles":["path","listCarPagePath"],"failureMessages":[],"fullName":"path listCarPagePath must return path with base url when process.env.BASE_URL is present","location":null,"status":"passed","title":"must return path with base url when process.env.BASE_URL is present"},{"ancestorTitles":["path","listCarPagePath"],"failureMessages":[],"fullName":"path listCarPagePath must return path without base url when process.env.BASE_URL is absent","location":null,"status":"passed","title":"must return path without base url when process.env.BASE_URL is absent"}],"endTime":1616098961983,"message":"","name":"/Users/mts/PapHub/search/packages/core/src/route/__tests__/path.test.js","startTime":1616098958909,"status":"passed","summary":""},{"assertionResults":[{"ancestorTitles":["index","useBindActionCreators()"],"failureMessages":[],"fullName":"index useBindActionCreators() must return all bound actions and thunks","location":null,"status":"passed","title":"must return all bound actions and thunks"}],"endTime":1616098962072,"message":"","name":"/Users/mts/PapHub/search/packages/core/src/store/dispatch/__tests__/index.test.js","startTime":1616098959022,"status":"passed","summary":""},{"assertionResults":[{"ancestorTitles":["actionTypes"],"failureMessages":[],"fullName":"actionTypes must return all action types","location":null,"status":"passed","title":"must return all action types"}],"endTime":1616098962528,"message":"","name":"/Users/mts/PapHub/search/packages/core/src/store/action/__tests__/actionTypes.test.js","startTime":1616098961983,"status":"passed","summary":""},{"assertionResults":[{"ancestorTitles":["index"],"failureMessages":[],"fullName":"index must return all constants","location":null,"status":"passed","title":"must return all constants"}],"endTime":1616098962589,"message":"","name":"/Users/mts/PapHub/search/packages/core/src/library/constant/__tests__/index.test.js","startTime":1616098962003,"status":"passed","summary":""},{"assertionResults":[{"ancestorTitles":["index","appRootRoute"],"failureMessages":[],"fullName":"index appRootRoute must return app root route object","location":null,"status":"passed","title":"must return app root route object"},{"ancestorTitles":["index","listCarPageRoute"],"failureMessages":[],"fullName":"index listCarPageRoute must return list car page route object","location":null,"status":"passed","title":"must return list car page route object"},{"ancestorTitles":["index","notFoundPageRoute"],"failureMessages":[],"fullName":"index notFoundPageRoute must return not found page route object","location":null,"status":"passed","title":"must return not found page route object"}],"endTime":1616098963546,"message":"","name":"/Users/mts/PapHub/search/packages/core/src/route/__tests__/index.test.js","startTime":1616098958892,"status":"passed","summary":""},{"assertionResults":[{"ancestorTitles":["<NotFoundTemplate />","Render"],"failureMessages":[],"fullName":"<NotFoundTemplate /> Render must match regular","location":null,"status":"passed","title":"must match regular"}],"endTime":1616098963962,"message":"","name":"/Users/mts/PapHub/search/packages/core/src/pattern/template/NotFoundTemplate/__tests__/NotFoundTemplate.int.test.js","startTime":1616098962039,"status":"passed","summary":""},{"assertionResults":[{"ancestorTitles":["<NotFoundPage />","Render"],"failureMessages":[],"fullName":"<NotFoundPage /> Render must match async","location":null,"status":"passed","title":"must match async"},{"ancestorTitles":["<NotFoundPage />","Render"],"failureMessages":[],"fullName":"<NotFoundPage /> Render must match regular","location":null,"status":"passed","title":"must match regular"}],"endTime":1616098964066,"message":"","name":"/Users/mts/PapHub/search/packages/core/src/pattern/page/NotFoundPage/__tests__/NotFoundPage.int.test.js","startTime":1616098962123,"status":"passed","summary":""},{"assertionResults":[{"ancestorTitles":["<Navigator />","Render"],"failureMessages":[],"fullName":"<Navigator /> Render must match regular","location":null,"status":"passed","title":"must match regular"}],"endTime":1616098964238,"message":"","name":"/Users/mts/PapHub/search/packages/core/src/pattern/molecule/Navigator/__tests__/Navigator.int.test.js","startTime":1616098962043,"status":"passed","summary":""},{"assertionResults":[{"ancestorTitles":["<ListCarTemplate />","Render"],"failureMessages":[],"fullName":"<ListCarTemplate /> Render must match regular()","location":null,"status":"passed","title":"must match regular()"}],"endTime":1616098964345,"message":"","name":"/Users/mts/PapHub/search/packages/core/src/pattern/template/ListCarTemplate/__tests__/ListCarTemplate.int.test.js","startTime":1616098962046,"status":"passed","summary":""},{"assertionResults":[{"ancestorTitles":["<ListCarPage />","Render"],"failureMessages":[],"fullName":"<ListCarPage /> Render must match async()","location":null,"status":"passed","title":"must match async()"},{"ancestorTitles":["<ListCarPage />","Render"],"failureMessages":[],"fullName":"<ListCarPage /> Render must match regular()","location":null,"status":"passed","title":"must match regular()"}],"endTime":1616098964551,"message":"","name":"/Users/mts/PapHub/search/packages/core/src/pattern/page/ListCarPage/__tests__/ListCarPage.int.test.js","startTime":1616098962560,"status":"passed","summary":""}],"wasInterrupted":false}