{"numFailedTestSuites":5,"numFailedTests":0,"numPassedTestSuites":9,"numPassedTests":24,"numPendingTestSuites":0,"numPendingTests":0,"numRuntimeErrorTestSuites":5,"numTodoTests":0,"numTotalTestSuites":14,"numTotalTests":24,"openHandles":[],"snapshot":{"added":0,"didUpdate":false,"failure":false,"filesAdded":0,"filesRemoved":0,"filesRemovedList":[],"filesUnmatched":0,"filesUpdated":0,"matched":0,"total":0,"unchecked":0,"uncheckedKeysByFile":[],"unmatched":0,"updated":0},"startTime":1615937718870,"success":false,"testResults":[{"assertionResults":[{"ancestorTitles":["client","setAppDefaultState()"],"failureMessages":[],"fullName":"client setAppDefaultState() must set app state","location":null,"status":"passed","title":"must set app state"}],"endTime":1615937730068,"message":"","name":"/Users/mts/PapHub/search/packages/core/src/store/__tests__/client.test.js","startTime":1615937722599,"status":"passed","summary":""},{"assertionResults":[{"ancestorTitles":["index","setMiddlewares()"],"failureMessages":[],"fullName":"index setMiddlewares() must have thunk and logger middleware when running on localhost","location":null,"status":"passed","title":"must have thunk and logger middleware when running on localhost"},{"ancestorTitles":["index","setMiddlewares()"],"failureMessages":[],"fullName":"index setMiddlewares() must only have thunk middleware when not running on localhost","location":null,"status":"passed","title":"must only have thunk middleware when not running on localhost"}],"endTime":1615937730631,"message":"","name":"/Users/mts/PapHub/search/packages/core/src/store/__tests__/base.test.js","startTime":1615937722760,"status":"passed","summary":""},{"assertionResults":[{"ancestorTitles":["index","hosts and indicators"],"failureMessages":[],"fullName":"index hosts and indicators must return all hosts and indicators","location":null,"status":"passed","title":"must return all hosts and indicators"},{"ancestorTitles":["index","currentHost"],"failureMessages":[],"fullName":"index currentHost must equal localhost when running on localhost","location":null,"status":"passed","title":"must equal localhost when running on localhost"},{"ancestorTitles":["index","currentHost"],"failureMessages":[],"fullName":"index currentHost must equal elsewhere host when running elsewhere","location":null,"status":"passed","title":"must equal elsewhere host when running elsewhere"},{"ancestorTitles":["index","isRunningOnLocalHost"],"failureMessages":[],"fullName":"index isRunningOnLocalHost must be truthy when running on localhost","location":null,"status":"passed","title":"must be truthy when running on localhost"},{"ancestorTitles":["index","isRunningOnLocalHost"],"failureMessages":[],"fullName":"index isRunningOnLocalHost must be falsy when running elsewhere","location":null,"status":"passed","title":"must be falsy when running elsewhere"}],"endTime":1615937730617,"message":"","name":"/Users/mts/PapHub/search/packages/core/src/library/environment/host/__tests__/index.test.js","startTime":1615937722761,"status":"passed","summary":""},{"assertionResults":[{"ancestorTitles":["index"],"failureMessages":[],"fullName":"index must return all constants","location":null,"status":"passed","title":"must return all constants"}],"endTime":1615937730705,"message":"","name":"/Users/mts/PapHub/search/packages/core/src/library/constant/__tests__/index.test.js","startTime":1615937722986,"status":"passed","summary":""},{"assertionResults":[{"ancestorTitles":["index","useBindActionCreators()"],"failureMessages":[],"fullName":"index useBindActionCreators() must return all bound actions and thunks","location":null,"status":"passed","title":"must return all bound actions and thunks"}],"endTime":1615937730801,"message":"","name":"/Users/mts/PapHub/search/packages/core/src/store/dispatch/__tests__/index.test.js","startTime":1615937722967,"status":"passed","summary":""},{"assertionResults":[{"ancestorTitles":["actionCreators","context","navigation","contextSetNavigationAction()"],"failureMessages":[],"fullName":"actionCreators context navigation contextSetNavigationAction() must return action with given payload","location":null,"status":"passed","title":"must return action with given payload"},{"ancestorTitles":["actionCreators","context","progress","contextSetProgressAction()"],"failureMessages":[],"fullName":"actionCreators context progress contextSetProgressAction() must return action with given payload","location":null,"status":"passed","title":"must return action with given payload"},{"ancestorTitles":["actionCreators","ui","listCars","uiSelectListCarsAction()"],"failureMessages":[],"fullName":"actionCreators ui listCars uiSelectListCarsAction() must return action with given payload","location":null,"status":"passed","title":"must return action with given payload"},{"ancestorTitles":["actionCreators","ui","listCars","uiSetListCarsSortAction()"],"failureMessages":[],"fullName":"actionCreators ui listCars uiSetListCarsSortAction() must return action with given payload","location":null,"status":"passed","title":"must return action with given payload"},{"ancestorTitles":["actionCreators","ui","listCars","uiSetListCarsSearchAction()"],"failureMessages":[],"fullName":"actionCreators ui listCars uiSetListCarsSearchAction() must return action with given payload","location":null,"status":"passed","title":"must return action with given payload"},{"ancestorTitles":["actionCreators","ui","listCars","uiSetListCarsPaginationAction()"],"failureMessages":[],"fullName":"actionCreators ui listCars uiSetListCarsPaginationAction() must return action with given payload","location":null,"status":"passed","title":"must return action with given payload"}],"endTime":1615937731074,"message":"","name":"/Users/mts/PapHub/search/packages/core/src/store/action/__tests__/actionCreators.test.js","startTime":1615937723082,"status":"passed","summary":""},{"assertionResults":[{"ancestorTitles":["actionTypes"],"failureMessages":[],"fullName":"actionTypes must return all action types","location":null,"status":"passed","title":"must return all action types"}],"endTime":1615937732533,"message":"","name":"/Users/mts/PapHub/search/packages/core/src/store/action/__tests__/actionTypes.test.js","startTime":1615937731245,"status":"passed","summary":""},{"assertionResults":[{"ancestorTitles":["path","appRootPath"],"failureMessages":[],"fullName":"path appRootPath must return path with base url when process.env.BASE_URL is present","location":null,"status":"passed","title":"must return path with base url when process.env.BASE_URL is present"},{"ancestorTitles":["path","appRootPath"],"failureMessages":[],"fullName":"path appRootPath must return path without base url when process.env.BASE_URL is absent","location":null,"status":"passed","title":"must return path without base url when process.env.BASE_URL is absent"},{"ancestorTitles":["path","listCarPagePath"],"failureMessages":[],"fullName":"path listCarPagePath must return path with base url when process.env.BASE_URL is present","location":null,"status":"passed","title":"must return path with base url when process.env.BASE_URL is present"},{"ancestorTitles":["path","listCarPagePath"],"failureMessages":[],"fullName":"path listCarPagePath must return path without base url when process.env.BASE_URL is absent","location":null,"status":"passed","title":"must return path without base url when process.env.BASE_URL is absent"}],"endTime":1615937733474,"message":"","name":"/Users/mts/PapHub/search/packages/core/src/route/__tests__/path.test.js","startTime":1615937732637,"status":"passed","summary":""},{"assertionResults":[{"ancestorTitles":["index","appRootRoute"],"failureMessages":[],"fullName":"index appRootRoute must return app root route object","location":null,"status":"passed","title":"must return app root route object"},{"ancestorTitles":["index","listCarPageRoute"],"failureMessages":[],"fullName":"index listCarPageRoute must return list car page route object","location":null,"status":"passed","title":"must return list car page route object"},{"ancestorTitles":["index","notFoundPageRoute"],"failureMessages":[],"fullName":"index notFoundPageRoute must return not found page route object","location":null,"status":"passed","title":"must return not found page route object"}],"endTime":1615937733695,"message":"","name":"/Users/mts/PapHub/search/packages/core/src/route/__tests__/index.test.js","startTime":1615937722549,"status":"passed","summary":""},{"assertionResults":[],"coverage":{},"endTime":1615937735875,"message":"  \u001b[1m● \u001b[22mTest suite failed to run\n\n    Cannot find module '../../../../../../../.jest-test-results.json' from 'packages/core/src/pattern/page/NotFoundPage/__tests__/NotFoundPage.int.story.js'\n\n    Require stack:\n      packages/core/src/pattern/page/NotFoundPage/__tests__/NotFoundPage.int.story.js\n      packages/core/src/pattern/page/NotFoundPage/__tests__/NotFoundPage.int.test.js\n\n    \u001b[0m \u001b[90m 4 |\u001b[39m \u001b[36mimport\u001b[39m { \u001b[33mAsyncNotFoundPage\u001b[39m } \u001b[36mfrom\u001b[39m \u001b[32m'../AsyncNotFoundPage'\u001b[39m\u001b[0m\n    \u001b[0m \u001b[90m 5 |\u001b[39m \u001b[36mimport\u001b[39m { \u001b[33mNotFoundPage\u001b[39m } \u001b[36mfrom\u001b[39m \u001b[32m'../NotFoundPage'\u001b[39m\u001b[0m\n    \u001b[0m\u001b[31m\u001b[1m>\u001b[22m\u001b[39m\u001b[90m 6 |\u001b[39m \u001b[36mimport\u001b[39m results \u001b[36mfrom\u001b[39m \u001b[32m'../../../../../../../.jest-test-results.json'\u001b[39m\u001b[0m\n    \u001b[0m \u001b[90m   |\u001b[39m \u001b[31m\u001b[1m^\u001b[22m\u001b[39m\u001b[0m\n    \u001b[0m \u001b[90m 7 |\u001b[39m\u001b[0m\n    \u001b[0m \u001b[90m 8 |\u001b[39m \u001b[36mconst\u001b[39m location \u001b[33m=\u001b[39m {\u001b[0m\n    \u001b[0m \u001b[90m 9 |\u001b[39m   pathname\u001b[33m:\u001b[39m \u001b[32m'fantastic-path-name'\u001b[39m\u001b[33m,\u001b[39m\u001b[0m\n\n      \u001b[2mat Resolver.resolveModule (\u001b[22mnode_modules/jest-resolve/build/index.js\u001b[2m:306:11)\u001b[22m\n      \u001b[2mat Object.<anonymous> (\u001b[22mpackages/core/src/pattern/page/NotFoundPage/__tests__/NotFoundPage.int.story.js\u001b[2m:6:1)\u001b[22m\n","name":"/Users/mts/PapHub/search/packages/core/src/pattern/page/NotFoundPage/__tests__/NotFoundPage.int.test.js","startTime":1615937735875,"status":"failed","summary":""},{"assertionResults":[],"coverage":{},"endTime":1615937735875,"message":"  \u001b[1m● \u001b[22mTest suite failed to run\n\n    Cannot find module '../../../../../../../.jest-test-results.json' from 'packages/core/src/pattern/template/NotFoundTemplate/__tests__/NotFoundTemplate.int.story.js'\n\n    Require stack:\n      packages/core/src/pattern/template/NotFoundTemplate/__tests__/NotFoundTemplate.int.story.js\n      packages/core/src/pattern/template/NotFoundTemplate/__tests__/NotFoundTemplate.int.test.js\n\n    \u001b[0m \u001b[90m 3 |\u001b[39m \u001b[36mimport\u001b[39m { withTests } \u001b[36mfrom\u001b[39m \u001b[32m'@storybook/addon-jest'\u001b[39m\u001b[0m\n    \u001b[0m \u001b[90m 4 |\u001b[39m \u001b[36mimport\u001b[39m { \u001b[33mNotFoundTemplate\u001b[39m } \u001b[36mfrom\u001b[39m \u001b[32m'../NotFoundTemplate'\u001b[39m\u001b[0m\n    \u001b[0m\u001b[31m\u001b[1m>\u001b[22m\u001b[39m\u001b[90m 5 |\u001b[39m \u001b[36mimport\u001b[39m results \u001b[36mfrom\u001b[39m \u001b[32m'../../../../../../../.jest-test-results.json'\u001b[39m\u001b[0m\n    \u001b[0m \u001b[90m   |\u001b[39m \u001b[31m\u001b[1m^\u001b[22m\u001b[39m\u001b[0m\n    \u001b[0m \u001b[90m 6 |\u001b[39m\u001b[0m\n    \u001b[0m \u001b[90m 7 |\u001b[39m \u001b[36mconst\u001b[39m props \u001b[33m=\u001b[39m {\u001b[0m\n    \u001b[0m \u001b[90m 8 |\u001b[39m   location\u001b[33m:\u001b[39m {\u001b[0m\n\n      \u001b[2mat Resolver.resolveModule (\u001b[22mnode_modules/jest-resolve/build/index.js\u001b[2m:306:11)\u001b[22m\n      \u001b[2mat Object.<anonymous> (\u001b[22mpackages/core/src/pattern/template/NotFoundTemplate/__tests__/NotFoundTemplate.int.story.js\u001b[2m:5:1)\u001b[22m\n","name":"/Users/mts/PapHub/search/packages/core/src/pattern/template/NotFoundTemplate/__tests__/NotFoundTemplate.int.test.js","startTime":1615937735875,"status":"failed","summary":""},{"assertionResults":[],"coverage":{},"endTime":1615937735875,"message":"  \u001b[1m● \u001b[22mTest suite failed to run\n\n    Cannot find module '../../../../../../../.jest-test-results.json' from 'packages/core/src/pattern/page/ListCarPage/__tests__/ListCarPage.int.story.js'\n\n    Require stack:\n      packages/core/src/pattern/page/ListCarPage/__tests__/ListCarPage.int.story.js\n      packages/core/src/pattern/page/ListCarPage/__tests__/ListCarPage.int.test.js\n\n    \u001b[0m \u001b[90m  7 |\u001b[39m \u001b[36mimport\u001b[39m { \u001b[33mAsyncListCarPage\u001b[39m } \u001b[36mfrom\u001b[39m \u001b[32m'../AsyncListCarPage'\u001b[39m\u001b[0m\n    \u001b[0m \u001b[90m  8 |\u001b[39m \u001b[36mimport\u001b[39m { \u001b[33mListCarPage\u001b[39m } \u001b[36mfrom\u001b[39m \u001b[32m'../ListCarPage'\u001b[39m\u001b[0m\n    \u001b[0m\u001b[31m\u001b[1m>\u001b[22m\u001b[39m\u001b[90m  9 |\u001b[39m \u001b[36mimport\u001b[39m results \u001b[36mfrom\u001b[39m \u001b[32m'../../../../../../../.jest-test-results.json'\u001b[39m\u001b[0m\n    \u001b[0m \u001b[90m    |\u001b[39m \u001b[31m\u001b[1m^\u001b[22m\u001b[39m\u001b[0m\n    \u001b[0m \u001b[90m 10 |\u001b[39m\u001b[0m\n    \u001b[0m \u001b[90m 11 |\u001b[39m \u001b[36mconst\u001b[39m {\u001b[0m\n    \u001b[0m \u001b[90m 12 |\u001b[39m   mock\u001b[33m:\u001b[39m { appState }\u001b[33m,\u001b[39m\u001b[0m\n\n      \u001b[2mat Resolver.resolveModule (\u001b[22mnode_modules/jest-resolve/build/index.js\u001b[2m:306:11)\u001b[22m\n      \u001b[2mat Object.<anonymous> (\u001b[22mpackages/core/src/pattern/page/ListCarPage/__tests__/ListCarPage.int.story.js\u001b[2m:9:1)\u001b[22m\n","name":"/Users/mts/PapHub/search/packages/core/src/pattern/page/ListCarPage/__tests__/ListCarPage.int.test.js","startTime":1615937735875,"status":"failed","summary":""},{"assertionResults":[],"coverage":{},"endTime":1615937735875,"message":"  \u001b[1m● \u001b[22mTest suite failed to run\n\n    Cannot find module '../../../../../../../.jest-test-results.json' from 'packages/core/src/pattern/template/ListCarTemplate/__tests__/ListCarTemplate.int.story.js'\n\n    Require stack:\n      packages/core/src/pattern/template/ListCarTemplate/__tests__/ListCarTemplate.int.story.js\n      packages/core/src/pattern/template/ListCarTemplate/__tests__/ListCarTemplate.int.test.js\n\n    \u001b[0m \u001b[90m  6 |\u001b[39m \u001b[36mimport\u001b[39m { state } \u001b[36mfrom\u001b[39m \u001b[32m'../../../../state'\u001b[39m\u001b[0m\n    \u001b[0m \u001b[90m  7 |\u001b[39m \u001b[36mimport\u001b[39m { \u001b[33mListCarTemplate\u001b[39m } \u001b[36mfrom\u001b[39m \u001b[32m'../index'\u001b[39m\u001b[0m\n    \u001b[0m\u001b[31m\u001b[1m>\u001b[22m\u001b[39m\u001b[90m  8 |\u001b[39m \u001b[36mimport\u001b[39m results \u001b[36mfrom\u001b[39m \u001b[32m'../../../../../../../.jest-test-results.json'\u001b[39m\u001b[0m\n    \u001b[0m \u001b[90m    |\u001b[39m \u001b[31m\u001b[1m^\u001b[22m\u001b[39m\u001b[0m\n    \u001b[0m \u001b[90m  9 |\u001b[39m\u001b[0m\n    \u001b[0m \u001b[90m 10 |\u001b[39m \u001b[36mconst\u001b[39m {\u001b[0m\n    \u001b[0m \u001b[90m 11 |\u001b[39m   mock\u001b[33m:\u001b[39m { appState }\u001b[33m,\u001b[39m\u001b[0m\n\n      \u001b[2mat Resolver.resolveModule (\u001b[22mnode_modules/jest-resolve/build/index.js\u001b[2m:306:11)\u001b[22m\n      \u001b[2mat Object.<anonymous> (\u001b[22mpackages/core/src/pattern/template/ListCarTemplate/__tests__/ListCarTemplate.int.story.js\u001b[2m:8:1)\u001b[22m\n","name":"/Users/mts/PapHub/search/packages/core/src/pattern/template/ListCarTemplate/__tests__/ListCarTemplate.int.test.js","startTime":1615937735875,"status":"failed","summary":""},{"assertionResults":[],"coverage":{},"endTime":1615937735875,"message":"  \u001b[1m● \u001b[22mTest suite failed to run\n\n    Cannot find module '../../../../../../../.jest-test-results.json' from 'packages/core/src/pattern/molecule/Navigator/__tests__/Navigator.int.story.js'\n\n    Require stack:\n      packages/core/src/pattern/molecule/Navigator/__tests__/Navigator.int.story.js\n      packages/core/src/pattern/molecule/Navigator/__tests__/Navigator.int.test.js\n\n    \u001b[0m \u001b[90m  6 |\u001b[39m \u001b[36mimport\u001b[39m { state } \u001b[36mfrom\u001b[39m \u001b[32m'../../../../state'\u001b[39m\u001b[0m\n    \u001b[0m \u001b[90m  7 |\u001b[39m \u001b[36mimport\u001b[39m { \u001b[33mNavigator\u001b[39m } \u001b[36mfrom\u001b[39m \u001b[32m'../index'\u001b[39m\u001b[0m\n    \u001b[0m\u001b[31m\u001b[1m>\u001b[22m\u001b[39m\u001b[90m  8 |\u001b[39m \u001b[36mimport\u001b[39m results \u001b[36mfrom\u001b[39m \u001b[32m'../../../../../../../.jest-test-results.json'\u001b[39m\u001b[0m\n    \u001b[0m \u001b[90m    |\u001b[39m \u001b[31m\u001b[1m^\u001b[22m\u001b[39m\u001b[0m\n    \u001b[0m \u001b[90m  9 |\u001b[39m\u001b[0m\n    \u001b[0m \u001b[90m 10 |\u001b[39m \u001b[36mconst\u001b[39m {\u001b[0m\n    \u001b[0m \u001b[90m 11 |\u001b[39m   mock\u001b[33m:\u001b[39m { appState }\u001b[33m,\u001b[39m\u001b[0m\n\n      \u001b[2mat Resolver.resolveModule (\u001b[22mnode_modules/jest-resolve/build/index.js\u001b[2m:306:11)\u001b[22m\n      \u001b[2mat Object.<anonymous> (\u001b[22mpackages/core/src/pattern/molecule/Navigator/__tests__/Navigator.int.story.js\u001b[2m:8:1)\u001b[22m\n","name":"/Users/mts/PapHub/search/packages/core/src/pattern/molecule/Navigator/__tests__/Navigator.int.test.js","startTime":1615937735875,"status":"failed","summary":""}],"wasInterrupted":false}